  소스.c
C:\Users\alon7\source\repos\rain\rain\소스.c(4,31): warning C4081: 'newline'이(가) 있어야 하는데 ';'이(가) 있습니다.
C:\Users\alon7\source\repos\rain\rain\소스.c(22,10): warning C4067: 전처리기 지시문 다음에 예기치 않은 토큰이 있습니다. 줄 바꿈 문자가 필요합니다.
C:\Users\alon7\source\repos\rain\rain\소스.c(292,14): warning C4013: 'getch'이(가) 정의되지 않았습니다. extern은 int형을 반환하는 것으로 간주합니다.
C:\Users\alon7\source\repos\rain\rain\소스.c(570,6): warning C4101: 'temp' :참조되지 않은 지역 변수입니다.
C:\Users\alon7\source\repos\rain\rain\소스.c(636,12): warning C4098: 'Rank_System': 'void' 함수에서 값을 반환하고 있습니다.
C:\Users\alon7\source\repos\rain\rain\소스.c(669,22): warning C4047: '=': 'char'의 간접 참조 수준이 'void *'과(와) 다릅니다.
C:\Users\alon7\source\repos\rain\rain\소스.c(675,21): warning C4047: '=': 'char'의 간접 참조 수준이 'void *'과(와) 다릅니다.
C:\Users\alon7\source\repos\rain\rain\소스.c(716,36): warning C4047: '!=': 'int'의 간접 참조 수준이 'void *'과(와) 다릅니다.
C:\Users\alon7\source\repos\rain\rain\소스.c(727,20): warning C4267: '함수': 'size_t'에서 'int'(으)로 변환하면서 데이터가 손실될 수 있습니다.
C:\Users\alon7\source\repos\rain\rain\소스.c(655,14): warning C4101: 'clientaddr' :참조되지 않은 지역 변수입니다.
C:\Users\alon7\source\repos\rain\rain\소스.c(656,6): warning C4101: 'addrlen' :참조되지 않은 지역 변수입니다.
C:\Users\alon7\source\repos\rain\rain\소스.c(731,9): warning C4101: 'score' :참조되지 않은 지역 변수입니다.
C:\Users\alon7\source\repos\rain\rain\소스.c(729,9): warning C4101: 'buf_1' :참조되지 않은 지역 변수입니다.
C:\Users\alon7\source\repos\rain\rain\소스.c(780,27): warning C4047: '함수': 'size_t'의 간접 참조 수준이 'void *'과(와) 다릅니다.
C:\Users\alon7\source\repos\rain\rain\소스.c(780,23): warning C4024: 'malloc': 형식 및 실제 매개 변수 1의 형식이 서로 다릅니다.
C:\Users\alon7\source\repos\rain\rain\소스.c(780,28): warning C4311: '형식 캐스트': 'void *'에서 'int'(으)로 포인터가 잘립니다.
C:\Users\alon7\source\repos\rain\rain\소스.c(764,7): warning C4101: 'key' :참조되지 않은 지역 변수입니다.
C:\Users\alon7\source\repos\rain\rain\소스.c(141): warning C4716: 'mainmapDraw': 값을 반환해야 합니다.
C:\Users\alon7\source\repos\rain\rain\소스.c(321): warning C4715: 'keycontrol': 모든 제어 경로에서 값을 반환하지는 않습니다.
C:\Users\alon7\source\repos\rain\rain\소스.c(530): warning C4716: 'GameOver_1': 값을 반환해야 합니다.
C:\Users\alon7\source\repos\rain\rain\소스.c(558): warning C4716: 'gameover_2': 값을 반환해야 합니다.
  rain.vcxproj -> C:\Users\alon7\source\repos\rain\x64\Debug\rain.exe
